ERROR - 2023-09-21 01:07:16 --> Error connecting to the database: mysqli_sql_exception: Unknown database 'crud' in C:\laragon\www\WEBAPP\lab#1\system\Database\MySQLi\Connection.php:185
Stack trace:
#0 C:\laragon\www\WEBAPP\lab#1\system\Database\MySQLi\Connection.php(185): mysqli->real_connect('localhost', 'root', '', 'crud', 3306, '', 0)
#1 C:\laragon\www\WEBAPP\lab#1\system\Database\BaseConnection.php(391): CodeIgniter\Database\MySQLi\Connection->connect(false)
#2 C:\laragon\www\WEBAPP\lab#1\system\Database\BaseConnection.php(574): CodeIgniter\Database\BaseConnection->initialize()
#3 C:\laragon\www\WEBAPP\lab#1\system\Database\BaseBuilder.php(1615): CodeIgniter\Database\BaseConnection->query('SELECT *\nFROM `...', Array, false)
#4 C:\laragon\www\WEBAPP\lab#1\system\Model.php(237): CodeIgniter\Database\BaseBuilder->get()
#5 C:\laragon\www\WEBAPP\lab#1\system\BaseModel.php(624): CodeIgniter\Model->doFindAll(0, 0)
#6 C:\laragon\www\WEBAPP\lab#1\app\Controllers\MainController.php(14): CodeIgniter\BaseModel->findAll()
#7 C:\laragon\www\WEBAPP\lab#1\system\CodeIgniter.php(919): App\Controllers\MainController->index()
#8 C:\laragon\www\WEBAPP\lab#1\system\CodeIgniter.php(494): CodeIgniter\CodeIgniter->runController(Object(App\Controllers\MainController))
#9 C:\laragon\www\WEBAPP\lab#1\system\CodeIgniter.php(353): CodeIgniter\CodeIgniter->handleRequest(NULL, Object(Config\Cache), false)
#10 C:\laragon\www\WEBAPP\lab#1\public\index.php(79): CodeIgniter\CodeIgniter->run()
#11 C:\laragon\www\WEBAPP\lab#1\system\Commands\Server\rewrite.php(47): require_once('C:\\laragon\\www\\...')
#12 {main}

Next CodeIgniter\Database\Exceptions\DatabaseException: Unknown database 'crud' in C:\laragon\www\WEBAPP\lab#1\system\Database\MySQLi\Connection.php:229
Stack trace:
#0 C:\laragon\www\WEBAPP\lab#1\system\Database\BaseConnection.php(391): CodeIgniter\Database\MySQLi\Connection->connect(false)
#1 C:\laragon\www\WEBAPP\lab#1\system\Database\BaseConnection.php(574): CodeIgniter\Database\BaseConnection->initialize()
#2 C:\laragon\www\WEBAPP\lab#1\system\Database\BaseBuilder.php(1615): CodeIgniter\Database\BaseConnection->query('SELECT *\nFROM `...', Array, false)
#3 C:\laragon\www\WEBAPP\lab#1\system\Model.php(237): CodeIgniter\Database\BaseBuilder->get()
#4 C:\laragon\www\WEBAPP\lab#1\system\BaseModel.php(624): CodeIgniter\Model->doFindAll(0, 0)
#5 C:\laragon\www\WEBAPP\lab#1\app\Controllers\MainController.php(14): CodeIgniter\BaseModel->findAll()
#6 C:\laragon\www\WEBAPP\lab#1\system\CodeIgniter.php(919): App\Controllers\MainController->index()
#7 C:\laragon\www\WEBAPP\lab#1\system\CodeIgniter.php(494): CodeIgniter\CodeIgniter->runController(Object(App\Controllers\MainController))
#8 C:\laragon\www\WEBAPP\lab#1\system\CodeIgniter.php(353): CodeIgniter\CodeIgniter->handleRequest(NULL, Object(Config\Cache), false)
#9 C:\laragon\www\WEBAPP\lab#1\public\index.php(79): CodeIgniter\CodeIgniter->run()
#10 C:\laragon\www\WEBAPP\lab#1\system\Commands\Server\rewrite.php(47): require_once('C:\\laragon\\www\\...')
#11 {main}
CRITICAL - 2023-09-21 01:07:16 --> Unable to connect to the database.
Main connection [MySQLi]: Unknown database 'crud'
in SYSTEMPATH\Database\BaseConnection.php on line 427.
 1 SYSTEMPATH\Database\BaseConnection.php(574): CodeIgniter\Database\BaseConnection->initialize()
 2 SYSTEMPATH\Database\BaseBuilder.php(1615): CodeIgniter\Database\BaseConnection->query('SELECT *
FROM `table_products`', [], false)
 3 SYSTEMPATH\Model.php(237): CodeIgniter\Database\BaseBuilder->get()
 4 SYSTEMPATH\BaseModel.php(624): CodeIgniter\Model->doFindAll(0, 0)
 5 APPPATH\Controllers\MainController.php(14): CodeIgniter\BaseModel->findAll()
 6 SYSTEMPATH\CodeIgniter.php(919): App\Controllers\MainController->index()
 7 SYSTEMPATH\CodeIgniter.php(494): CodeIgniter\CodeIgniter->runController(Object(App\Controllers\MainController))
 8 SYSTEMPATH\CodeIgniter.php(353): CodeIgniter\CodeIgniter->handleRequest(null, Object(Config\Cache), false)
 9 FCPATH\index.php(79): CodeIgniter\CodeIgniter->run()
10 SYSTEMPATH\Commands\Server\rewrite.php(47): require_once('C:\\laragon\\www\\WEBAPP\\lab#1\\public\\index.php')
ERROR - 2023-09-21 01:09:20 --> mysqli_sql_exception: Table 'crud.table_products' doesn't exist in C:\laragon\www\WEBAPP\lab#1\system\Database\MySQLi\Connection.php:306
Stack trace:
#0 C:\laragon\www\WEBAPP\lab#1\system\Database\MySQLi\Connection.php(306): mysqli->query('SELECT *\nFROM `...', 0)
#1 C:\laragon\www\WEBAPP\lab#1\system\Database\BaseConnection.php(692): CodeIgniter\Database\MySQLi\Connection->execute('SELECT *\nFROM `...')
#2 C:\laragon\www\WEBAPP\lab#1\system\Database\BaseConnection.php(606): CodeIgniter\Database\BaseConnection->simpleQuery('SELECT *\nFROM `...')
#3 C:\laragon\www\WEBAPP\lab#1\system\Database\BaseBuilder.php(1615): CodeIgniter\Database\BaseConnection->query('SELECT *\nFROM `...', Array, false)
#4 C:\laragon\www\WEBAPP\lab#1\system\Model.php(237): CodeIgniter\Database\BaseBuilder->get()
#5 C:\laragon\www\WEBAPP\lab#1\system\BaseModel.php(624): CodeIgniter\Model->doFindAll(0, 0)
#6 C:\laragon\www\WEBAPP\lab#1\app\Controllers\MainController.php(14): CodeIgniter\BaseModel->findAll()
#7 C:\laragon\www\WEBAPP\lab#1\system\CodeIgniter.php(919): App\Controllers\MainController->index()
#8 C:\laragon\www\WEBAPP\lab#1\system\CodeIgniter.php(494): CodeIgniter\CodeIgniter->runController(Object(App\Controllers\MainController))
#9 C:\laragon\www\WEBAPP\lab#1\system\CodeIgniter.php(353): CodeIgniter\CodeIgniter->handleRequest(NULL, Object(Config\Cache), false)
#10 C:\laragon\www\WEBAPP\lab#1\public\index.php(79): CodeIgniter\CodeIgniter->run()
#11 C:\laragon\www\WEBAPP\lab#1\system\Commands\Server\rewrite.php(47): require_once('C:\\laragon\\www\\...')
#12 {main}
CRITICAL - 2023-09-21 01:09:20 --> Table 'crud.table_products' doesn't exist
in SYSTEMPATH\Database\BaseConnection.php on line 646.
 1 SYSTEMPATH\Database\BaseBuilder.php(1615): CodeIgniter\Database\BaseConnection->query('SELECT *
FROM `table_products`', [], false)
 2 SYSTEMPATH\Model.php(237): CodeIgniter\Database\BaseBuilder->get()
 3 SYSTEMPATH\BaseModel.php(624): CodeIgniter\Model->doFindAll(0, 0)
 4 APPPATH\Controllers\MainController.php(14): CodeIgniter\BaseModel->findAll()
 5 SYSTEMPATH\CodeIgniter.php(919): App\Controllers\MainController->index()
 6 SYSTEMPATH\CodeIgniter.php(494): CodeIgniter\CodeIgniter->runController(Object(App\Controllers\MainController))
 7 SYSTEMPATH\CodeIgniter.php(353): CodeIgniter\CodeIgniter->handleRequest(null, Object(Config\Cache), false)
 8 FCPATH\index.php(79): CodeIgniter\CodeIgniter->run()
 9 SYSTEMPATH\Commands\Server\rewrite.php(47): require_once('C:\\laragon\\www\\WEBAPP\\lab#1\\public\\index.php')
ERROR - 2023-09-21 01:09:21 --> mysqli_sql_exception: Table 'crud.table_products' doesn't exist in C:\laragon\www\WEBAPP\lab#1\system\Database\MySQLi\Connection.php:306
Stack trace:
#0 C:\laragon\www\WEBAPP\lab#1\system\Database\MySQLi\Connection.php(306): mysqli->query('SELECT *\nFROM `...', 0)
#1 C:\laragon\www\WEBAPP\lab#1\system\Database\BaseConnection.php(692): CodeIgniter\Database\MySQLi\Connection->execute('SELECT *\nFROM `...')
#2 C:\laragon\www\WEBAPP\lab#1\system\Database\BaseConnection.php(606): CodeIgniter\Database\BaseConnection->simpleQuery('SELECT *\nFROM `...')
#3 C:\laragon\www\WEBAPP\lab#1\system\Database\BaseBuilder.php(1615): CodeIgniter\Database\BaseConnection->query('SELECT *\nFROM `...', Array, false)
#4 C:\laragon\www\WEBAPP\lab#1\system\Model.php(237): CodeIgniter\Database\BaseBuilder->get()
#5 C:\laragon\www\WEBAPP\lab#1\system\BaseModel.php(624): CodeIgniter\Model->doFindAll(0, 0)
#6 C:\laragon\www\WEBAPP\lab#1\app\Controllers\MainController.php(14): CodeIgniter\BaseModel->findAll()
#7 C:\laragon\www\WEBAPP\lab#1\system\CodeIgniter.php(919): App\Controllers\MainController->index()
#8 C:\laragon\www\WEBAPP\lab#1\system\CodeIgniter.php(494): CodeIgniter\CodeIgniter->runController(Object(App\Controllers\MainController))
#9 C:\laragon\www\WEBAPP\lab#1\system\CodeIgniter.php(353): CodeIgniter\CodeIgniter->handleRequest(NULL, Object(Config\Cache), false)
#10 C:\laragon\www\WEBAPP\lab#1\public\index.php(79): CodeIgniter\CodeIgniter->run()
#11 C:\laragon\www\WEBAPP\lab#1\system\Commands\Server\rewrite.php(47): require_once('C:\\laragon\\www\\...')
#12 {main}
CRITICAL - 2023-09-21 01:09:21 --> Table 'crud.table_products' doesn't exist
in SYSTEMPATH\Database\BaseConnection.php on line 646.
 1 SYSTEMPATH\Database\BaseBuilder.php(1615): CodeIgniter\Database\BaseConnection->query('SELECT *
FROM `table_products`', [], false)
 2 SYSTEMPATH\Model.php(237): CodeIgniter\Database\BaseBuilder->get()
 3 SYSTEMPATH\BaseModel.php(624): CodeIgniter\Model->doFindAll(0, 0)
 4 APPPATH\Controllers\MainController.php(14): CodeIgniter\BaseModel->findAll()
 5 SYSTEMPATH\CodeIgniter.php(919): App\Controllers\MainController->index()
 6 SYSTEMPATH\CodeIgniter.php(494): CodeIgniter\CodeIgniter->runController(Object(App\Controllers\MainController))
 7 SYSTEMPATH\CodeIgniter.php(353): CodeIgniter\CodeIgniter->handleRequest(null, Object(Config\Cache), false)
 8 FCPATH\index.php(79): CodeIgniter\CodeIgniter->run()
 9 SYSTEMPATH\Commands\Server\rewrite.php(47): require_once('C:\\laragon\\www\\WEBAPP\\lab#1\\public\\index.php')
CRITICAL - 2023-09-21 02:56:55 --> Allowed memory size of 536870912 bytes exhausted (tried to allocate 264257536 bytes)
in APPPATH\Views\products.php on line 71.
 1 [internal function]: CodeIgniter\Debug\Exceptions->shutdownHandler()
ERROR - 2023-09-21 03:58:43 --> mysqli_sql_exception: Cannot add or update a child row: a foreign key constraint fails (`crud`.`table_products`, CONSTRAINT `product_category` FOREIGN KEY (`ProductCategory`) REFERENCES `table_category` (`ProductCategory`) ON DELETE CASCADE ON UPDATE CASCADE) in C:\laragon\www\WEBAPP\lab#1\system\Database\MySQLi\Connection.php:306
Stack trace:
#0 C:\laragon\www\WEBAPP\lab#1\system\Database\MySQLi\Connection.php(306): mysqli->query('INSERT INTO `ta...', 0)
#1 C:\laragon\www\WEBAPP\lab#1\system\Database\BaseConnection.php(692): CodeIgniter\Database\MySQLi\Connection->execute('INSERT INTO `ta...')
#2 C:\laragon\www\WEBAPP\lab#1\system\Database\BaseConnection.php(606): CodeIgniter\Database\BaseConnection->simpleQuery('INSERT INTO `ta...')
#3 C:\laragon\www\WEBAPP\lab#1\system\Database\BaseBuilder.php(2308): CodeIgniter\Database\BaseConnection->query('INSERT INTO `ta...', Array, false)
#4 C:\laragon\www\WEBAPP\lab#1\system\Model.php(319): CodeIgniter\Database\BaseBuilder->insert()
#5 C:\laragon\www\WEBAPP\lab#1\system\BaseModel.php(788): CodeIgniter\Model->doInsert(Array)
#6 C:\laragon\www\WEBAPP\lab#1\system\Model.php(715): CodeIgniter\BaseModel->insert(Array, false)
#7 C:\laragon\www\WEBAPP\lab#1\system\BaseModel.php(698): CodeIgniter\Model->insert(Array, false)
#8 C:\laragon\www\WEBAPP\lab#1\app\Controllers\MainController.php(33): CodeIgniter\BaseModel->save(Array)
#9 C:\laragon\www\WEBAPP\lab#1\system\CodeIgniter.php(919): App\Controllers\MainController->save()
#10 C:\laragon\www\WEBAPP\lab#1\system\CodeIgniter.php(494): CodeIgniter\CodeIgniter->runController(Object(App\Controllers\MainController))
#11 C:\laragon\www\WEBAPP\lab#1\system\CodeIgniter.php(353): CodeIgniter\CodeIgniter->handleRequest(NULL, Object(Config\Cache), false)
#12 C:\laragon\www\WEBAPP\lab#1\public\index.php(79): CodeIgniter\CodeIgniter->run()
#13 C:\laragon\www\WEBAPP\lab#1\system\Commands\Server\rewrite.php(47): require_once('C:\\laragon\\www\\...')
#14 {main}
CRITICAL - 2023-09-21 03:58:43 --> Cannot add or update a child row: a foreign key constraint fails (`crud`.`table_products`, CONSTRAINT `product_category` FOREIGN KEY (`ProductCategory`) REFERENCES `table_category` (`ProductCategory`) ON DELETE CASCADE ON UPDATE CASCADE)
in SYSTEMPATH\Database\BaseConnection.php on line 646.
 1 SYSTEMPATH\Database\BaseBuilder.php(2308): CodeIgniter\Database\BaseConnection->query('INSERT INTO `table_products` (`ProductName`, `ProductDescription`, `ProductCategory`, `ProductQuantity`, `ProductPrice`) VALUES (:ProductName:, :ProductDescription:, :ProductCategory:, :ProductQuantity:, :ProductPrice:)', [...], false)
 2 SYSTEMPATH\Model.php(319): CodeIgniter\Database\BaseBuilder->insert()
 3 SYSTEMPATH\BaseModel.php(788): CodeIgniter\Model->doInsert([...])
 4 SYSTEMPATH\Model.php(715): CodeIgniter\BaseModel->insert([...], false)
 5 SYSTEMPATH\BaseModel.php(698): CodeIgniter\Model->insert([...], false)
 6 APPPATH\Controllers\MainController.php(33): CodeIgniter\BaseModel->save([...])
 7 SYSTEMPATH\CodeIgniter.php(919): App\Controllers\MainController->save()
 8 SYSTEMPATH\CodeIgniter.php(494): CodeIgniter\CodeIgniter->runController(Object(App\Controllers\MainController))
 9 SYSTEMPATH\CodeIgniter.php(353): CodeIgniter\CodeIgniter->handleRequest(null, Object(Config\Cache), false)
10 FCPATH\index.php(79): CodeIgniter\CodeIgniter->run()
11 SYSTEMPATH\Commands\Server\rewrite.php(47): require_once('C:\\laragon\\www\\WEBAPP\\lab#1\\public\\index.php')
ERROR - 2023-09-21 03:59:01 --> mysqli_sql_exception: Cannot add or update a child row: a foreign key constraint fails (`crud`.`table_products`, CONSTRAINT `product_category` FOREIGN KEY (`ProductCategory`) REFERENCES `table_category` (`ProductCategory`) ON DELETE CASCADE ON UPDATE CASCADE) in C:\laragon\www\WEBAPP\lab#1\system\Database\MySQLi\Connection.php:306
Stack trace:
#0 C:\laragon\www\WEBAPP\lab#1\system\Database\MySQLi\Connection.php(306): mysqli->query('INSERT INTO `ta...', 0)
#1 C:\laragon\www\WEBAPP\lab#1\system\Database\BaseConnection.php(692): CodeIgniter\Database\MySQLi\Connection->execute('INSERT INTO `ta...')
#2 C:\laragon\www\WEBAPP\lab#1\system\Database\BaseConnection.php(606): CodeIgniter\Database\BaseConnection->simpleQuery('INSERT INTO `ta...')
#3 C:\laragon\www\WEBAPP\lab#1\system\Database\BaseBuilder.php(2308): CodeIgniter\Database\BaseConnection->query('INSERT INTO `ta...', Array, false)
#4 C:\laragon\www\WEBAPP\lab#1\system\Model.php(319): CodeIgniter\Database\BaseBuilder->insert()
#5 C:\laragon\www\WEBAPP\lab#1\system\BaseModel.php(788): CodeIgniter\Model->doInsert(Array)
#6 C:\laragon\www\WEBAPP\lab#1\system\Model.php(715): CodeIgniter\BaseModel->insert(Array, false)
#7 C:\laragon\www\WEBAPP\lab#1\system\BaseModel.php(698): CodeIgniter\Model->insert(Array, false)
#8 C:\laragon\www\WEBAPP\lab#1\app\Controllers\MainController.php(33): CodeIgniter\BaseModel->save(Array)
#9 C:\laragon\www\WEBAPP\lab#1\system\CodeIgniter.php(919): App\Controllers\MainController->save()
#10 C:\laragon\www\WEBAPP\lab#1\system\CodeIgniter.php(494): CodeIgniter\CodeIgniter->runController(Object(App\Controllers\MainController))
#11 C:\laragon\www\WEBAPP\lab#1\system\CodeIgniter.php(353): CodeIgniter\CodeIgniter->handleRequest(NULL, Object(Config\Cache), false)
#12 C:\laragon\www\WEBAPP\lab#1\public\index.php(79): CodeIgniter\CodeIgniter->run()
#13 C:\laragon\www\WEBAPP\lab#1\system\Commands\Server\rewrite.php(47): require_once('C:\\laragon\\www\\...')
#14 {main}
CRITICAL - 2023-09-21 03:59:01 --> Cannot add or update a child row: a foreign key constraint fails (`crud`.`table_products`, CONSTRAINT `product_category` FOREIGN KEY (`ProductCategory`) REFERENCES `table_category` (`ProductCategory`) ON DELETE CASCADE ON UPDATE CASCADE)
in SYSTEMPATH\Database\BaseConnection.php on line 646.
 1 SYSTEMPATH\Database\BaseBuilder.php(2308): CodeIgniter\Database\BaseConnection->query('INSERT INTO `table_products` (`ProductName`, `ProductDescription`, `ProductCategory`, `ProductQuantity`, `ProductPrice`) VALUES (:ProductName:, :ProductDescription:, :ProductCategory:, :ProductQuantity:, :ProductPrice:)', [...], false)
 2 SYSTEMPATH\Model.php(319): CodeIgniter\Database\BaseBuilder->insert()
 3 SYSTEMPATH\BaseModel.php(788): CodeIgniter\Model->doInsert([...])
 4 SYSTEMPATH\Model.php(715): CodeIgniter\BaseModel->insert([...], false)
 5 SYSTEMPATH\BaseModel.php(698): CodeIgniter\Model->insert([...], false)
 6 APPPATH\Controllers\MainController.php(33): CodeIgniter\BaseModel->save([...])
 7 SYSTEMPATH\CodeIgniter.php(919): App\Controllers\MainController->save()
 8 SYSTEMPATH\CodeIgniter.php(494): CodeIgniter\CodeIgniter->runController(Object(App\Controllers\MainController))
 9 SYSTEMPATH\CodeIgniter.php(353): CodeIgniter\CodeIgniter->handleRequest(null, Object(Config\Cache), false)
10 FCPATH\index.php(79): CodeIgniter\CodeIgniter->run()
11 SYSTEMPATH\Commands\Server\rewrite.php(47): require_once('C:\\laragon\\www\\WEBAPP\\lab#1\\public\\index.php')
CRITICAL - 2023-09-21 04:18:55 --> Undefined array key 1
in APPPATH\Views\products.php on line 72.
 1 APPPATH\Views\products.php(72): CodeIgniter\Debug\Exceptions->errorHandler(2, 'Undefined array key 1', 'C:\\laragon\\www\\WEBAPP\\lab#1\\app\\Views\\products.php', 72)
 2 SYSTEMPATH\View\View.php(226): include('C:\\laragon\\www\\WEBAPP\\lab#1\\app\\Views\\products.php')
 3 SYSTEMPATH\View\View.php(229): CodeIgniter\View\View->CodeIgniter\View\{closure}()
 4 SYSTEMPATH\Common.php(1188): CodeIgniter\View\View->render('products', [], true)
 5 APPPATH\Controllers\MainController.php(16): view('products', [...])
 6 SYSTEMPATH\CodeIgniter.php(919): App\Controllers\MainController->index()
 7 SYSTEMPATH\CodeIgniter.php(494): CodeIgniter\CodeIgniter->runController(Object(App\Controllers\MainController))
 8 SYSTEMPATH\CodeIgniter.php(353): CodeIgniter\CodeIgniter->handleRequest(null, Object(Config\Cache), false)
 9 FCPATH\index.php(79): CodeIgniter\CodeIgniter->run()
10 SYSTEMPATH\Commands\Server\rewrite.php(47): require_once('C:\\laragon\\www\\WEBAPP\\lab#1\\public\\index.php')
CRITICAL - 2023-09-21 04:19:07 --> Undefined array key 1
in APPPATH\Views\products.php on line 72.
 1 APPPATH\Views\products.php(72): CodeIgniter\Debug\Exceptions->errorHandler(2, 'Undefined array key 1', 'C:\\laragon\\www\\WEBAPP\\lab#1\\app\\Views\\products.php', 72)
 2 SYSTEMPATH\View\View.php(226): include('C:\\laragon\\www\\WEBAPP\\lab#1\\app\\Views\\products.php')
 3 SYSTEMPATH\View\View.php(229): CodeIgniter\View\View->CodeIgniter\View\{closure}()
 4 SYSTEMPATH\Common.php(1188): CodeIgniter\View\View->render('products', [], true)
 5 APPPATH\Controllers\MainController.php(16): view('products', [...])
 6 SYSTEMPATH\CodeIgniter.php(919): App\Controllers\MainController->index()
 7 SYSTEMPATH\CodeIgniter.php(494): CodeIgniter\CodeIgniter->runController(Object(App\Controllers\MainController))
 8 SYSTEMPATH\CodeIgniter.php(353): CodeIgniter\CodeIgniter->handleRequest(null, Object(Config\Cache), false)
 9 FCPATH\index.php(79): CodeIgniter\CodeIgniter->run()
10 SYSTEMPATH\Commands\Server\rewrite.php(47): require_once('C:\\laragon\\www\\WEBAPP\\lab#1\\public\\index.php')
CRITICAL - 2023-09-21 04:19:08 --> Undefined array key 1
in APPPATH\Views\products.php on line 72.
 1 APPPATH\Views\products.php(72): CodeIgniter\Debug\Exceptions->errorHandler(2, 'Undefined array key 1', 'C:\\laragon\\www\\WEBAPP\\lab#1\\app\\Views\\products.php', 72)
 2 SYSTEMPATH\View\View.php(226): include('C:\\laragon\\www\\WEBAPP\\lab#1\\app\\Views\\products.php')
 3 SYSTEMPATH\View\View.php(229): CodeIgniter\View\View->CodeIgniter\View\{closure}()
 4 SYSTEMPATH\Common.php(1188): CodeIgniter\View\View->render('products', [], true)
 5 APPPATH\Controllers\MainController.php(16): view('products', [...])
 6 SYSTEMPATH\CodeIgniter.php(919): App\Controllers\MainController->index()
 7 SYSTEMPATH\CodeIgniter.php(494): CodeIgniter\CodeIgniter->runController(Object(App\Controllers\MainController))
 8 SYSTEMPATH\CodeIgniter.php(353): CodeIgniter\CodeIgniter->handleRequest(null, Object(Config\Cache), false)
 9 FCPATH\index.php(79): CodeIgniter\CodeIgniter->run()
10 SYSTEMPATH\Commands\Server\rewrite.php(47): require_once('C:\\laragon\\www\\WEBAPP\\lab#1\\public\\index.php')
CRITICAL - 2023-09-21 04:19:42 --> Undefined array key 1
in APPPATH\Views\products.php on line 72.
 1 APPPATH\Views\products.php(72): CodeIgniter\Debug\Exceptions->errorHandler(2, 'Undefined array key 1', 'C:\\laragon\\www\\WEBAPP\\lab#1\\app\\Views\\products.php', 72)
 2 SYSTEMPATH\View\View.php(226): include('C:\\laragon\\www\\WEBAPP\\lab#1\\app\\Views\\products.php')
 3 SYSTEMPATH\View\View.php(229): CodeIgniter\View\View->CodeIgniter\View\{closure}()
 4 SYSTEMPATH\Common.php(1188): CodeIgniter\View\View->render('products', [], true)
 5 APPPATH\Controllers\MainController.php(16): view('products', [...])
 6 SYSTEMPATH\CodeIgniter.php(919): App\Controllers\MainController->index()
 7 SYSTEMPATH\CodeIgniter.php(494): CodeIgniter\CodeIgniter->runController(Object(App\Controllers\MainController))
 8 SYSTEMPATH\CodeIgniter.php(353): CodeIgniter\CodeIgniter->handleRequest(null, Object(Config\Cache), false)
 9 FCPATH\index.php(79): CodeIgniter\CodeIgniter->run()
10 SYSTEMPATH\Commands\Server\rewrite.php(47): require_once('C:\\laragon\\www\\WEBAPP\\lab#1\\public\\index.php')
