CRITICAL - 2023-09-24 05:47:08 --> Undefined variable $mus
in APPPATH\Views\music.php on line 52.
 1 APPPATH\Views\music.php(52): CodeIgniter\Debug\Exceptions->errorHandler(2, 'Undefined variable $mus', 'C:\\laragon\\www\\WEBAPP\\lab#2\\app\\Views\\music.php', 52)
 2 SYSTEMPATH\View\View.php(226): include('C:\\laragon\\www\\WEBAPP\\lab#2\\app\\Views\\music.php')
 3 SYSTEMPATH\View\View.php(229): CodeIgniter\View\View->CodeIgniter\View\{closure}()
 4 SYSTEMPATH\Common.php(1188): CodeIgniter\View\View->render('music', [], true)
 5 APPPATH\Controllers\MainController.php(35): view('music')
 6 SYSTEMPATH\CodeIgniter.php(919): App\Controllers\MainController->addtoplaylist()
 7 SYSTEMPATH\CodeIgniter.php(494): CodeIgniter\CodeIgniter->runController(Object(App\Controllers\MainController))
 8 SYSTEMPATH\CodeIgniter.php(353): CodeIgniter\CodeIgniter->handleRequest(null, Object(Config\Cache), false)
 9 FCPATH\index.php(79): CodeIgniter\CodeIgniter->run()
10 SYSTEMPATH\Commands\Server\rewrite.php(47): require_once('C:\\laragon\\www\\WEBAPP\\lab#2\\public\\index.php')
CRITICAL - 2023-09-24 05:58:21 --> Undefined variable $mus
in APPPATH\Views\music.php on line 50.
 1 APPPATH\Views\music.php(50): CodeIgniter\Debug\Exceptions->errorHandler(2, 'Undefined variable $mus', 'C:\\laragon\\www\\WEBAPP\\lab#2\\app\\Views\\music.php', 50)
 2 SYSTEMPATH\View\View.php(226): include('C:\\laragon\\www\\WEBAPP\\lab#2\\app\\Views\\music.php')
 3 SYSTEMPATH\View\View.php(229): CodeIgniter\View\View->CodeIgniter\View\{closure}()
 4 SYSTEMPATH\Common.php(1188): CodeIgniter\View\View->render('music', [], true)
 5 APPPATH\Controllers\MainController.php(30): view('music')
 6 SYSTEMPATH\CodeIgniter.php(919): App\Controllers\MainController->addsong()
 7 SYSTEMPATH\CodeIgniter.php(494): CodeIgniter\CodeIgniter->runController(Object(App\Controllers\MainController))
 8 SYSTEMPATH\CodeIgniter.php(353): CodeIgniter\CodeIgniter->handleRequest(null, Object(Config\Cache), false)
 9 FCPATH\index.php(79): CodeIgniter\CodeIgniter->run()
10 SYSTEMPATH\Commands\Server\rewrite.php(47): require_once('C:\\laragon\\www\\WEBAPP\\lab#2\\public\\index.php')
CRITICAL - 2023-09-24 06:40:37 --> Undefined variable $mus
in APPPATH\Views\music.php on line 50.
 1 APPPATH\Views\music.php(50): CodeIgniter\Debug\Exceptions->errorHandler(2, 'Undefined variable $mus', 'C:\\laragon\\www\\WEBAPP\\lab#2\\app\\Views\\music.php', 50)
 2 SYSTEMPATH\View\View.php(226): include('C:\\laragon\\www\\WEBAPP\\lab#2\\app\\Views\\music.php')
 3 SYSTEMPATH\View\View.php(229): CodeIgniter\View\View->CodeIgniter\View\{closure}()
 4 SYSTEMPATH\Common.php(1188): CodeIgniter\View\View->render('music', [], true)
 5 APPPATH\Controllers\MainController.php(30): view('music')
 6 SYSTEMPATH\CodeIgniter.php(919): App\Controllers\MainController->addsong()
 7 SYSTEMPATH\CodeIgniter.php(494): CodeIgniter\CodeIgniter->runController(Object(App\Controllers\MainController))
 8 SYSTEMPATH\CodeIgniter.php(353): CodeIgniter\CodeIgniter->handleRequest(null, Object(Config\Cache), false)
 9 FCPATH\index.php(79): CodeIgniter\CodeIgniter->run()
10 SYSTEMPATH\Commands\Server\rewrite.php(47): require_once('C:\\laragon\\www\\WEBAPP\\lab#2\\public\\index.php')
CRITICAL - 2023-09-24 06:40:51 --> Undefined variable $mus
in APPPATH\Views\music.php on line 50.
 1 APPPATH\Views\music.php(50): CodeIgniter\Debug\Exceptions->errorHandler(2, 'Undefined variable $mus', 'C:\\laragon\\www\\WEBAPP\\lab#2\\app\\Views\\music.php', 50)
 2 SYSTEMPATH\View\View.php(226): include('C:\\laragon\\www\\WEBAPP\\lab#2\\app\\Views\\music.php')
 3 SYSTEMPATH\View\View.php(229): CodeIgniter\View\View->CodeIgniter\View\{closure}()
 4 SYSTEMPATH\Common.php(1188): CodeIgniter\View\View->render('music', [], true)
 5 APPPATH\Controllers\MainController.php(30): view('music')
 6 SYSTEMPATH\CodeIgniter.php(919): App\Controllers\MainController->addsong()
 7 SYSTEMPATH\CodeIgniter.php(494): CodeIgniter\CodeIgniter->runController(Object(App\Controllers\MainController))
 8 SYSTEMPATH\CodeIgniter.php(353): CodeIgniter\CodeIgniter->handleRequest(null, Object(Config\Cache), false)
 9 FCPATH\index.php(79): CodeIgniter\CodeIgniter->run()
10 SYSTEMPATH\Commands\Server\rewrite.php(47): require_once('C:\\laragon\\www\\WEBAPP\\lab#2\\public\\index.php')
CRITICAL - 2023-09-24 06:43:31 --> Undefined variable $mus
in APPPATH\Views\music.php on line 50.
 1 APPPATH\Views\music.php(50): CodeIgniter\Debug\Exceptions->errorHandler(2, 'Undefined variable $mus', 'C:\\laragon\\www\\WEBAPP\\lab#2\\app\\Views\\music.php', 50)
 2 SYSTEMPATH\View\View.php(226): include('C:\\laragon\\www\\WEBAPP\\lab#2\\app\\Views\\music.php')
 3 SYSTEMPATH\View\View.php(229): CodeIgniter\View\View->CodeIgniter\View\{closure}()
 4 SYSTEMPATH\Common.php(1188): CodeIgniter\View\View->render('music', [], true)
 5 APPPATH\Controllers\MainController.php(30): view('music')
 6 SYSTEMPATH\CodeIgniter.php(919): App\Controllers\MainController->addsong()
 7 SYSTEMPATH\CodeIgniter.php(494): CodeIgniter\CodeIgniter->runController(Object(App\Controllers\MainController))
 8 SYSTEMPATH\CodeIgniter.php(353): CodeIgniter\CodeIgniter->handleRequest(null, Object(Config\Cache), false)
 9 FCPATH\index.php(79): CodeIgniter\CodeIgniter->run()
10 SYSTEMPATH\Commands\Server\rewrite.php(47): require_once('C:\\laragon\\www\\WEBAPP\\lab#2\\public\\index.php')
CRITICAL - 2023-09-24 06:43:37 --> Undefined variable $mus
in APPPATH\Views\music.php on line 50.
 1 APPPATH\Views\music.php(50): CodeIgniter\Debug\Exceptions->errorHandler(2, 'Undefined variable $mus', 'C:\\laragon\\www\\WEBAPP\\lab#2\\app\\Views\\music.php', 50)
 2 SYSTEMPATH\View\View.php(226): include('C:\\laragon\\www\\WEBAPP\\lab#2\\app\\Views\\music.php')
 3 SYSTEMPATH\View\View.php(229): CodeIgniter\View\View->CodeIgniter\View\{closure}()
 4 SYSTEMPATH\Common.php(1188): CodeIgniter\View\View->render('music', [], true)
 5 APPPATH\Controllers\MainController.php(30): view('music')
 6 SYSTEMPATH\CodeIgniter.php(919): App\Controllers\MainController->addsong()
 7 SYSTEMPATH\CodeIgniter.php(494): CodeIgniter\CodeIgniter->runController(Object(App\Controllers\MainController))
 8 SYSTEMPATH\CodeIgniter.php(353): CodeIgniter\CodeIgniter->handleRequest(null, Object(Config\Cache), false)
 9 FCPATH\index.php(79): CodeIgniter\CodeIgniter->run()
10 SYSTEMPATH\Commands\Server\rewrite.php(47): require_once('C:\\laragon\\www\\WEBAPP\\lab#2\\public\\index.php')
CRITICAL - 2023-09-24 06:44:22 --> Undefined variable $mus
in APPPATH\Views\music.php on line 50.
 1 APPPATH\Views\music.php(50): CodeIgniter\Debug\Exceptions->errorHandler(2, 'Undefined variable $mus', 'C:\\laragon\\www\\WEBAPP\\lab#2\\app\\Views\\music.php', 50)
 2 SYSTEMPATH\View\View.php(226): include('C:\\laragon\\www\\WEBAPP\\lab#2\\app\\Views\\music.php')
 3 SYSTEMPATH\View\View.php(229): CodeIgniter\View\View->CodeIgniter\View\{closure}()
 4 SYSTEMPATH\Common.php(1188): CodeIgniter\View\View->render('music', [], true)
 5 APPPATH\Controllers\MainController.php(30): view('music')
 6 SYSTEMPATH\CodeIgniter.php(919): App\Controllers\MainController->addsong()
 7 SYSTEMPATH\CodeIgniter.php(494): CodeIgniter\CodeIgniter->runController(Object(App\Controllers\MainController))
 8 SYSTEMPATH\CodeIgniter.php(353): CodeIgniter\CodeIgniter->handleRequest(null, Object(Config\Cache), false)
 9 FCPATH\index.php(79): CodeIgniter\CodeIgniter->run()
10 SYSTEMPATH\Commands\Server\rewrite.php(47): require_once('C:\\laragon\\www\\WEBAPP\\lab#2\\public\\index.php')
CRITICAL - 2023-09-24 06:44:39 --> Undefined variable $music
in APPPATH\Views\music.php on line 59.
 1 APPPATH\Views\music.php(59): CodeIgniter\Debug\Exceptions->errorHandler(2, 'Undefined variable $music', 'C:\\laragon\\www\\WEBAPP\\lab#2\\app\\Views\\music.php', 59)
 2 SYSTEMPATH\View\View.php(226): include('C:\\laragon\\www\\WEBAPP\\lab#2\\app\\Views\\music.php')
 3 SYSTEMPATH\View\View.php(229): CodeIgniter\View\View->CodeIgniter\View\{closure}()
 4 SYSTEMPATH\Common.php(1188): CodeIgniter\View\View->render('music', [], true)
 5 APPPATH\Controllers\MainController.php(30): view('music')
 6 SYSTEMPATH\CodeIgniter.php(919): App\Controllers\MainController->addsong()
 7 SYSTEMPATH\CodeIgniter.php(494): CodeIgniter\CodeIgniter->runController(Object(App\Controllers\MainController))
 8 SYSTEMPATH\CodeIgniter.php(353): CodeIgniter\CodeIgniter->handleRequest(null, Object(Config\Cache), false)
 9 FCPATH\index.php(79): CodeIgniter\CodeIgniter->run()
10 SYSTEMPATH\Commands\Server\rewrite.php(47): require_once('C:\\laragon\\www\\WEBAPP\\lab#2\\public\\index.php')
CRITICAL - 2023-09-24 06:44:49 --> Undefined variable $music
in APPPATH\Views\music.php on line 59.
 1 APPPATH\Views\music.php(59): CodeIgniter\Debug\Exceptions->errorHandler(2, 'Undefined variable $music', 'C:\\laragon\\www\\WEBAPP\\lab#2\\app\\Views\\music.php', 59)
 2 SYSTEMPATH\View\View.php(226): include('C:\\laragon\\www\\WEBAPP\\lab#2\\app\\Views\\music.php')
 3 SYSTEMPATH\View\View.php(229): CodeIgniter\View\View->CodeIgniter\View\{closure}()
 4 SYSTEMPATH\Common.php(1188): CodeIgniter\View\View->render('music', [], true)
 5 APPPATH\Controllers\MainController.php(30): view('music')
 6 SYSTEMPATH\CodeIgniter.php(919): App\Controllers\MainController->addsong()
 7 SYSTEMPATH\CodeIgniter.php(494): CodeIgniter\CodeIgniter->runController(Object(App\Controllers\MainController))
 8 SYSTEMPATH\CodeIgniter.php(353): CodeIgniter\CodeIgniter->handleRequest(null, Object(Config\Cache), false)
 9 FCPATH\index.php(79): CodeIgniter\CodeIgniter->run()
10 SYSTEMPATH\Commands\Server\rewrite.php(47): require_once('C:\\laragon\\www\\WEBAPP\\lab#2\\public\\index.php')
CRITICAL - 2023-09-24 06:53:03 --> Undefined variable $mus
in APPPATH\Views\music.php on line 50.
 1 APPPATH\Views\music.php(50): CodeIgniter\Debug\Exceptions->errorHandler(2, 'Undefined variable $mus', 'C:\\laragon\\www\\WEBAPP\\lab#2\\app\\Views\\music.php', 50)
 2 SYSTEMPATH\View\View.php(226): include('C:\\laragon\\www\\WEBAPP\\lab#2\\app\\Views\\music.php')
 3 SYSTEMPATH\View\View.php(229): CodeIgniter\View\View->CodeIgniter\View\{closure}()
 4 SYSTEMPATH\Common.php(1188): CodeIgniter\View\View->render('music', [], true)
 5 APPPATH\Controllers\MainController.php(30): view('music')
 6 SYSTEMPATH\CodeIgniter.php(919): App\Controllers\MainController->addsong()
 7 SYSTEMPATH\CodeIgniter.php(494): CodeIgniter\CodeIgniter->runController(Object(App\Controllers\MainController))
 8 SYSTEMPATH\CodeIgniter.php(353): CodeIgniter\CodeIgniter->handleRequest(null, Object(Config\Cache), false)
 9 FCPATH\index.php(79): CodeIgniter\CodeIgniter->run()
10 SYSTEMPATH\Commands\Server\rewrite.php(47): require_once('C:\\laragon\\www\\WEBAPP\\lab#2\\public\\index.php')
CRITICAL - 2023-09-24 07:09:15 --> Call to a member function isValid() on null
in APPPATH\Controllers\MainController.php on line 30.
 1 SYSTEMPATH\CodeIgniter.php(919): App\Controllers\MainController->addsong()
 2 SYSTEMPATH\CodeIgniter.php(494): CodeIgniter\CodeIgniter->runController(Object(App\Controllers\MainController))
 3 SYSTEMPATH\CodeIgniter.php(353): CodeIgniter\CodeIgniter->handleRequest(null, Object(Config\Cache), false)
 4 FCPATH\index.php(79): CodeIgniter\CodeIgniter->run()
 5 SYSTEMPATH\Commands\Server\rewrite.php(47): require_once('C:\\laragon\\www\\WEBAPP\\lab#2\\public\\index.php')
CRITICAL - 2023-09-24 07:09:30 --> Call to a member function hasMoved() on null
in APPPATH\Controllers\MainController.php on line 30.
 1 SYSTEMPATH\CodeIgniter.php(919): App\Controllers\MainController->addsong()
 2 SYSTEMPATH\CodeIgniter.php(494): CodeIgniter\CodeIgniter->runController(Object(App\Controllers\MainController))
 3 SYSTEMPATH\CodeIgniter.php(353): CodeIgniter\CodeIgniter->handleRequest(null, Object(Config\Cache), false)
 4 FCPATH\index.php(79): CodeIgniter\CodeIgniter->run()
 5 SYSTEMPATH\Commands\Server\rewrite.php(47): require_once('C:\\laragon\\www\\WEBAPP\\lab#2\\public\\index.php')
CRITICAL - 2023-09-24 07:09:32 --> Call to a member function hasMoved() on null
in APPPATH\Controllers\MainController.php on line 30.
 1 SYSTEMPATH\CodeIgniter.php(919): App\Controllers\MainController->addsong()
 2 SYSTEMPATH\CodeIgniter.php(494): CodeIgniter\CodeIgniter->runController(Object(App\Controllers\MainController))
 3 SYSTEMPATH\CodeIgniter.php(353): CodeIgniter\CodeIgniter->handleRequest(null, Object(Config\Cache), false)
 4 FCPATH\index.php(79): CodeIgniter\CodeIgniter->run()
 5 SYSTEMPATH\Commands\Server\rewrite.php(47): require_once('C:\\laragon\\www\\WEBAPP\\lab#2\\public\\index.php')
CRITICAL - 2023-09-24 07:12:22 --> Call to a member function getName() on null
in APPPATH\Controllers\MainController.php on line 30.
 1 SYSTEMPATH\CodeIgniter.php(919): App\Controllers\MainController->addsong()
 2 SYSTEMPATH\CodeIgniter.php(494): CodeIgniter\CodeIgniter->runController(Object(App\Controllers\MainController))
 3 SYSTEMPATH\CodeIgniter.php(353): CodeIgniter\CodeIgniter->handleRequest(null, Object(Config\Cache), false)
 4 FCPATH\index.php(79): CodeIgniter\CodeIgniter->run()
 5 SYSTEMPATH\Commands\Server\rewrite.php(47): require_once('C:\\laragon\\www\\WEBAPP\\lab#2\\public\\index.php')
CRITICAL - 2023-09-24 07:13:20 --> Call to a member function isValid() on null
in APPPATH\Controllers\MainController.php on line 30.
 1 SYSTEMPATH\CodeIgniter.php(919): App\Controllers\MainController->addsong()
 2 SYSTEMPATH\CodeIgniter.php(494): CodeIgniter\CodeIgniter->runController(Object(App\Controllers\MainController))
 3 SYSTEMPATH\CodeIgniter.php(353): CodeIgniter\CodeIgniter->handleRequest(null, Object(Config\Cache), false)
 4 FCPATH\index.php(79): CodeIgniter\CodeIgniter->run()
 5 SYSTEMPATH\Commands\Server\rewrite.php(47): require_once('C:\\laragon\\www\\WEBAPP\\lab#2\\public\\index.php')
CRITICAL - 2023-09-24 07:27:04 --> Call to a member function isValid() on null
in APPPATH\Controllers\MainController.php on line 32.
 1 SYSTEMPATH\CodeIgniter.php(919): App\Controllers\MainController->addsong()
 2 SYSTEMPATH\CodeIgniter.php(494): CodeIgniter\CodeIgniter->runController(Object(App\Controllers\MainController))
 3 SYSTEMPATH\CodeIgniter.php(353): CodeIgniter\CodeIgniter->handleRequest(null, Object(Config\Cache), false)
 4 FCPATH\index.php(79): CodeIgniter\CodeIgniter->run()
 5 SYSTEMPATH\Commands\Server\rewrite.php(47): require_once('C:\\laragon\\www\\WEBAPP\\lab#2\\public\\index.php')
CRITICAL - 2023-09-24 07:27:37 --> Call to a member function getName() on null
in APPPATH\Controllers\MainController.php on line 31.
 1 SYSTEMPATH\CodeIgniter.php(919): App\Controllers\MainController->addsong()
 2 SYSTEMPATH\CodeIgniter.php(494): CodeIgniter\CodeIgniter->runController(Object(App\Controllers\MainController))
 3 SYSTEMPATH\CodeIgniter.php(353): CodeIgniter\CodeIgniter->handleRequest(null, Object(Config\Cache), false)
 4 FCPATH\index.php(79): CodeIgniter\CodeIgniter->run()
 5 SYSTEMPATH\Commands\Server\rewrite.php(47): require_once('C:\\laragon\\www\\WEBAPP\\lab#2\\public\\index.php')
CRITICAL - 2023-09-24 07:27:51 --> Call to a member function move() on null
in APPPATH\Controllers\MainController.php on line 31.
 1 SYSTEMPATH\CodeIgniter.php(919): App\Controllers\MainController->addsong()
 2 SYSTEMPATH\CodeIgniter.php(494): CodeIgniter\CodeIgniter->runController(Object(App\Controllers\MainController))
 3 SYSTEMPATH\CodeIgniter.php(353): CodeIgniter\CodeIgniter->handleRequest(null, Object(Config\Cache), false)
 4 FCPATH\index.php(79): CodeIgniter\CodeIgniter->run()
 5 SYSTEMPATH\Commands\Server\rewrite.php(47): require_once('C:\\laragon\\www\\WEBAPP\\lab#2\\public\\index.php')
CRITICAL - 2023-09-24 08:09:56 --> There is no data to insert.
in SYSTEMPATH\BaseModel.php on line 768.
 1 SYSTEMPATH\BaseModel.php(768): CodeIgniter\Database\Exceptions\DataException::forEmptyDataset('insert')
 2 SYSTEMPATH\Model.php(715): CodeIgniter\BaseModel->insert([], false)
 3 SYSTEMPATH\BaseModel.php(698): CodeIgniter\Model->insert([...], false)
 4 APPPATH\Controllers\MainController.php(46): CodeIgniter\BaseModel->save([...])
 5 SYSTEMPATH\CodeIgniter.php(919): App\Controllers\MainController->addsong()
 6 SYSTEMPATH\CodeIgniter.php(494): CodeIgniter\CodeIgniter->runController(Object(App\Controllers\MainController))
 7 SYSTEMPATH\CodeIgniter.php(353): CodeIgniter\CodeIgniter->handleRequest(null, Object(Config\Cache), false)
 8 FCPATH\index.php(79): CodeIgniter\CodeIgniter->run()
 9 SYSTEMPATH\Commands\Server\rewrite.php(47): require_once('C:\\laragon\\www\\WEBAPP\\lab#2\\public\\index.php')
CRITICAL - 2023-09-24 11:52:30 --> syntax error, unexpected token ";"
in APPPATH\Views\music.php on line 22.
 1 SYSTEMPATH\View\View.php(229): CodeIgniter\View\View->CodeIgniter\View\{closure}()
 2 SYSTEMPATH\Common.php(1188): CodeIgniter\View\View->render('music', [], true)
 3 APPPATH\Controllers\MainController.php(16): view('music', [...])
 4 SYSTEMPATH\CodeIgniter.php(919): App\Controllers\MainController->index()
 5 SYSTEMPATH\CodeIgniter.php(494): CodeIgniter\CodeIgniter->runController(Object(App\Controllers\MainController))
 6 SYSTEMPATH\CodeIgniter.php(353): CodeIgniter\CodeIgniter->handleRequest(null, Object(Config\Cache), false)
 7 FCPATH\index.php(79): CodeIgniter\CodeIgniter->run()
 8 SYSTEMPATH\Commands\Server\rewrite.php(47): require_once('C:\\laragon\\www\\WEBAPP\\lab#2\\public\\index.php')
CRITICAL - 2023-09-24 12:00:09 --> Undefined variable $plays
in APPPATH\Views\music.php on line 22.
 1 APPPATH\Views\music.php(22): CodeIgniter\Debug\Exceptions->errorHandler(2, 'Undefined variable $plays', 'C:\\laragon\\www\\WEBAPP\\lab#2\\app\\Views\\music.php', 22)
 2 SYSTEMPATH\View\View.php(226): include('C:\\laragon\\www\\WEBAPP\\lab#2\\app\\Views\\music.php')
 3 SYSTEMPATH\View\View.php(229): CodeIgniter\View\View->CodeIgniter\View\{closure}()
 4 SYSTEMPATH\Common.php(1188): CodeIgniter\View\View->render('music', [...], true)
 5 APPPATH\Controllers\MainController.php(19): view('music', [...], [...])
 6 SYSTEMPATH\CodeIgniter.php(919): App\Controllers\MainController->index()
 7 SYSTEMPATH\CodeIgniter.php(494): CodeIgniter\CodeIgniter->runController(Object(App\Controllers\MainController))
 8 SYSTEMPATH\CodeIgniter.php(353): CodeIgniter\CodeIgniter->handleRequest(null, Object(Config\Cache), false)
 9 FCPATH\index.php(79): CodeIgniter\CodeIgniter->run()
10 SYSTEMPATH\Commands\Server\rewrite.php(47): require_once('C:\\laragon\\www\\WEBAPP\\lab#2\\public\\index.php')
CRITICAL - 2023-09-24 12:01:06 --> Undefined variable $plays
in APPPATH\Views\music.php on line 22.
 1 APPPATH\Views\music.php(22): CodeIgniter\Debug\Exceptions->errorHandler(2, 'Undefined variable $plays', 'C:\\laragon\\www\\WEBAPP\\lab#2\\app\\Views\\music.php', 22)
 2 SYSTEMPATH\View\View.php(226): include('C:\\laragon\\www\\WEBAPP\\lab#2\\app\\Views\\music.php')
 3 SYSTEMPATH\View\View.php(229): CodeIgniter\View\View->CodeIgniter\View\{closure}()
 4 SYSTEMPATH\Common.php(1188): CodeIgniter\View\View->render('music', [...], true)
 5 APPPATH\Controllers\MainController.php(19): view('music', [...], [...])
 6 SYSTEMPATH\CodeIgniter.php(919): App\Controllers\MainController->index()
 7 SYSTEMPATH\CodeIgniter.php(494): CodeIgniter\CodeIgniter->runController(Object(App\Controllers\MainController))
 8 SYSTEMPATH\CodeIgniter.php(353): CodeIgniter\CodeIgniter->handleRequest(null, Object(Config\Cache), false)
 9 FCPATH\index.php(79): CodeIgniter\CodeIgniter->run()
10 SYSTEMPATH\Commands\Server\rewrite.php(47): require_once('C:\\laragon\\www\\WEBAPP\\lab#2\\public\\index.php')
CRITICAL - 2023-09-24 12:01:22 --> Undefined variable $mus
in APPPATH\Views\music.php on line 53.
 1 APPPATH\Views\music.php(53): CodeIgniter\Debug\Exceptions->errorHandler(2, 'Undefined variable $mus', 'C:\\laragon\\www\\WEBAPP\\lab#2\\app\\Views\\music.php', 53)
 2 SYSTEMPATH\View\View.php(226): include('C:\\laragon\\www\\WEBAPP\\lab#2\\app\\Views\\music.php')
 3 SYSTEMPATH\View\View.php(229): CodeIgniter\View\View->CodeIgniter\View\{closure}()
 4 SYSTEMPATH\Common.php(1188): CodeIgniter\View\View->render('music', [...], true)
 5 APPPATH\Controllers\MainController.php(19): view('music', [...], [...])
 6 SYSTEMPATH\CodeIgniter.php(919): App\Controllers\MainController->index()
 7 SYSTEMPATH\CodeIgniter.php(494): CodeIgniter\CodeIgniter->runController(Object(App\Controllers\MainController))
 8 SYSTEMPATH\CodeIgniter.php(353): CodeIgniter\CodeIgniter->handleRequest(null, Object(Config\Cache), false)
 9 FCPATH\index.php(79): CodeIgniter\CodeIgniter->run()
10 SYSTEMPATH\Commands\Server\rewrite.php(47): require_once('C:\\laragon\\www\\WEBAPP\\lab#2\\public\\index.php')
CRITICAL - 2023-09-24 12:01:42 --> Undefined variable $plays
in APPPATH\Views\music.php on line 22.
 1 APPPATH\Views\music.php(22): CodeIgniter\Debug\Exceptions->errorHandler(2, 'Undefined variable $plays', 'C:\\laragon\\www\\WEBAPP\\lab#2\\app\\Views\\music.php', 22)
 2 SYSTEMPATH\View\View.php(226): include('C:\\laragon\\www\\WEBAPP\\lab#2\\app\\Views\\music.php')
 3 SYSTEMPATH\View\View.php(229): CodeIgniter\View\View->CodeIgniter\View\{closure}()
 4 SYSTEMPATH\Common.php(1188): CodeIgniter\View\View->render('music', [], true)
 5 APPPATH\Controllers\MainController.php(16): view('music', [...])
 6 SYSTEMPATH\CodeIgniter.php(919): App\Controllers\MainController->index()
 7 SYSTEMPATH\CodeIgniter.php(494): CodeIgniter\CodeIgniter->runController(Object(App\Controllers\MainController))
 8 SYSTEMPATH\CodeIgniter.php(353): CodeIgniter\CodeIgniter->handleRequest(null, Object(Config\Cache), false)
 9 FCPATH\index.php(79): CodeIgniter\CodeIgniter->run()
10 SYSTEMPATH\Commands\Server\rewrite.php(47): require_once('C:\\laragon\\www\\WEBAPP\\lab#2\\public\\index.php')
ERROR - 2023-09-24 14:21:25 --> Error connecting to the database: mysqli_sql_exception: No connection could be made because the target machine actively refused it in C:\laragon\www\WEBAPP\lab#2\system\Database\MySQLi\Connection.php:185
Stack trace:
#0 C:\laragon\www\WEBAPP\lab#2\system\Database\MySQLi\Connection.php(185): mysqli->real_connect('localhost', 'root', '', 'crud', 3306, '', 0)
#1 C:\laragon\www\WEBAPP\lab#2\system\Database\BaseConnection.php(391): CodeIgniter\Database\MySQLi\Connection->connect(false)
#2 C:\laragon\www\WEBAPP\lab#2\system\Database\BaseConnection.php(574): CodeIgniter\Database\BaseConnection->initialize()
#3 C:\laragon\www\WEBAPP\lab#2\system\Database\BaseBuilder.php(1615): CodeIgniter\Database\BaseConnection->query('SELECT *\nFROM `...', Array, false)
#4 C:\laragon\www\WEBAPP\lab#2\system\Model.php(237): CodeIgniter\Database\BaseBuilder->get()
#5 C:\laragon\www\WEBAPP\lab#2\system\BaseModel.php(624): CodeIgniter\Model->doFindAll(0, 0)
#6 C:\laragon\www\WEBAPP\lab#2\app\Controllers\MainController.php(16): CodeIgniter\BaseModel->findAll()
#7 C:\laragon\www\WEBAPP\lab#2\system\CodeIgniter.php(919): App\Controllers\MainController->index()
#8 C:\laragon\www\WEBAPP\lab#2\system\CodeIgniter.php(494): CodeIgniter\CodeIgniter->runController(Object(App\Controllers\MainController))
#9 C:\laragon\www\WEBAPP\lab#2\system\CodeIgniter.php(353): CodeIgniter\CodeIgniter->handleRequest(NULL, Object(Config\Cache), false)
#10 C:\laragon\www\WEBAPP\lab#2\public\index.php(79): CodeIgniter\CodeIgniter->run()
#11 C:\laragon\www\WEBAPP\lab#2\system\Commands\Server\rewrite.php(47): require_once('C:\\laragon\\www\\...')
#12 {main}

Next CodeIgniter\Database\Exceptions\DatabaseException: No connection could be made because the target machine actively refused it in C:\laragon\www\WEBAPP\lab#2\system\Database\MySQLi\Connection.php:229
Stack trace:
#0 C:\laragon\www\WEBAPP\lab#2\system\Database\BaseConnection.php(391): CodeIgniter\Database\MySQLi\Connection->connect(false)
#1 C:\laragon\www\WEBAPP\lab#2\system\Database\BaseConnection.php(574): CodeIgniter\Database\BaseConnection->initialize()
#2 C:\laragon\www\WEBAPP\lab#2\system\Database\BaseBuilder.php(1615): CodeIgniter\Database\BaseConnection->query('SELECT *\nFROM `...', Array, false)
#3 C:\laragon\www\WEBAPP\lab#2\system\Model.php(237): CodeIgniter\Database\BaseBuilder->get()
#4 C:\laragon\www\WEBAPP\lab#2\system\BaseModel.php(624): CodeIgniter\Model->doFindAll(0, 0)
#5 C:\laragon\www\WEBAPP\lab#2\app\Controllers\MainController.php(16): CodeIgniter\BaseModel->findAll()
#6 C:\laragon\www\WEBAPP\lab#2\system\CodeIgniter.php(919): App\Controllers\MainController->index()
#7 C:\laragon\www\WEBAPP\lab#2\system\CodeIgniter.php(494): CodeIgniter\CodeIgniter->runController(Object(App\Controllers\MainController))
#8 C:\laragon\www\WEBAPP\lab#2\system\CodeIgniter.php(353): CodeIgniter\CodeIgniter->handleRequest(NULL, Object(Config\Cache), false)
#9 C:\laragon\www\WEBAPP\lab#2\public\index.php(79): CodeIgniter\CodeIgniter->run()
#10 C:\laragon\www\WEBAPP\lab#2\system\Commands\Server\rewrite.php(47): require_once('C:\\laragon\\www\\...')
#11 {main}
CRITICAL - 2023-09-24 14:21:25 --> Unable to connect to the database.
Main connection [MySQLi]: No connection could be made because the target machine actively refused it
in SYSTEMPATH\Database\BaseConnection.php on line 427.
 1 SYSTEMPATH\Database\BaseConnection.php(574): CodeIgniter\Database\BaseConnection->initialize()
 2 SYSTEMPATH\Database\BaseBuilder.php(1615): CodeIgniter\Database\BaseConnection->query('SELECT *
FROM `music_playlist`', [], false)
 3 SYSTEMPATH\Model.php(237): CodeIgniter\Database\BaseBuilder->get()
 4 SYSTEMPATH\BaseModel.php(624): CodeIgniter\Model->doFindAll(0, 0)
 5 APPPATH\Controllers\MainController.php(16): CodeIgniter\BaseModel->findAll()
 6 SYSTEMPATH\CodeIgniter.php(919): App\Controllers\MainController->index()
 7 SYSTEMPATH\CodeIgniter.php(494): CodeIgniter\CodeIgniter->runController(Object(App\Controllers\MainController))
 8 SYSTEMPATH\CodeIgniter.php(353): CodeIgniter\CodeIgniter->handleRequest(null, Object(Config\Cache), false)
 9 FCPATH\index.php(79): CodeIgniter\CodeIgniter->run()
10 SYSTEMPATH\Commands\Server\rewrite.php(47): require_once('C:\\laragon\\www\\WEBAPP\\lab#2\\public\\index.php')
CRITICAL - 2023-09-24 14:45:24 --> Undefined variable $session
in APPPATH\Views\music.php on line 94.
 1 APPPATH\Views\music.php(94): CodeIgniter\Debug\Exceptions->errorHandler(2, 'Undefined variable $session', 'C:\\laragon\\www\\WEBAPP\\lab#2\\app\\Views\\music.php', 94)
 2 SYSTEMPATH\View\View.php(226): include('C:\\laragon\\www\\WEBAPP\\lab#2\\app\\Views\\music.php')
 3 SYSTEMPATH\View\View.php(229): CodeIgniter\View\View->CodeIgniter\View\{closure}()
 4 SYSTEMPATH\Common.php(1188): CodeIgniter\View\View->render('music', [], true)
 5 APPPATH\Controllers\MainController.php(24): view('music', [...])
 6 SYSTEMPATH\CodeIgniter.php(919): App\Controllers\MainController->index()
 7 SYSTEMPATH\CodeIgniter.php(494): CodeIgniter\CodeIgniter->runController(Object(App\Controllers\MainController))
 8 SYSTEMPATH\CodeIgniter.php(353): CodeIgniter\CodeIgniter->handleRequest(null, Object(Config\Cache), false)
 9 FCPATH\index.php(79): CodeIgniter\CodeIgniter->run()
10 SYSTEMPATH\Commands\Server\rewrite.php(47): require_once('C:\\laragon\\www\\WEBAPP\\lab#2\\public\\index.php')
CRITICAL - 2023-09-24 14:58:37 --> Call to undefined method App\Models\PlaylistModel::findNameById
in SYSTEMPATH\Model.php on line 873.
 1 APPPATH\Controllers\MainController.php(32): CodeIgniter\Model->__call('findNameById', [...])
 2 SYSTEMPATH\CodeIgniter.php(919): App\Controllers\MainController->selectedplaylist('0')
 3 SYSTEMPATH\CodeIgniter.php(494): CodeIgniter\CodeIgniter->runController(Object(App\Controllers\MainController))
 4 SYSTEMPATH\CodeIgniter.php(353): CodeIgniter\CodeIgniter->handleRequest(null, Object(Config\Cache), false)
 5 FCPATH\index.php(79): CodeIgniter\CodeIgniter->run()
 6 SYSTEMPATH\Commands\Server\rewrite.php(47): require_once('C:\\laragon\\www\\WEBAPP\\lab#2\\public\\index.php')
CRITICAL - 2023-09-24 14:59:58 --> Undefined variable $session
in APPPATH\Views\music.php on line 94.
 1 APPPATH\Views\music.php(94): CodeIgniter\Debug\Exceptions->errorHandler(2, 'Undefined variable $session', 'C:\\laragon\\www\\WEBAPP\\lab#2\\app\\Views\\music.php', 94)
 2 SYSTEMPATH\View\View.php(226): include('C:\\laragon\\www\\WEBAPP\\lab#2\\app\\Views\\music.php')
 3 SYSTEMPATH\View\View.php(229): CodeIgniter\View\View->CodeIgniter\View\{closure}()
 4 SYSTEMPATH\Common.php(1188): CodeIgniter\View\View->render('music', [], true)
 5 APPPATH\Controllers\MainController.php(24): view('music', [...])
 6 SYSTEMPATH\CodeIgniter.php(919): App\Controllers\MainController->index()
 7 SYSTEMPATH\CodeIgniter.php(494): CodeIgniter\CodeIgniter->runController(Object(App\Controllers\MainController))
 8 SYSTEMPATH\CodeIgniter.php(353): CodeIgniter\CodeIgniter->handleRequest(null, Object(Config\Cache), false)
 9 FCPATH\index.php(79): CodeIgniter\CodeIgniter->run()
10 SYSTEMPATH\Commands\Server\rewrite.php(47): require_once('C:\\laragon\\www\\WEBAPP\\lab#2\\public\\index.php')
CRITICAL - 2023-09-24 15:03:49 --> Undefined variable $selectedPlaylistName
in APPPATH\Views\music.php on line 94.
 1 APPPATH\Views\music.php(94): CodeIgniter\Debug\Exceptions->errorHandler(2, 'Undefined variable $selectedPlaylistName', 'C:\\laragon\\www\\WEBAPP\\lab#2\\app\\Views\\music.php', 94)
 2 SYSTEMPATH\View\View.php(226): include('C:\\laragon\\www\\WEBAPP\\lab#2\\app\\Views\\music.php')
 3 SYSTEMPATH\View\View.php(229): CodeIgniter\View\View->CodeIgniter\View\{closure}()
 4 SYSTEMPATH\Common.php(1188): CodeIgniter\View\View->render('music', [], true)
 5 APPPATH\Controllers\MainController.php(24): view('music', [...])
 6 SYSTEMPATH\CodeIgniter.php(919): App\Controllers\MainController->index()
 7 SYSTEMPATH\CodeIgniter.php(494): CodeIgniter\CodeIgniter->runController(Object(App\Controllers\MainController))
 8 SYSTEMPATH\CodeIgniter.php(353): CodeIgniter\CodeIgniter->handleRequest(null, Object(Config\Cache), false)
 9 FCPATH\index.php(79): CodeIgniter\CodeIgniter->run()
10 SYSTEMPATH\Commands\Server\rewrite.php(47): require_once('C:\\laragon\\www\\WEBAPP\\lab#2\\public\\index.php')
CRITICAL - 2023-09-24 15:06:05 --> Constant expression contains invalid operations
in APPPATH\Controllers\MainController.php on line 11.
 1 [internal function]: CodeIgniter\Debug\Exceptions->shutdownHandler()
CRITICAL - 2023-09-24 15:06:22 --> Constant expression contains invalid operations
in APPPATH\Controllers\MainController.php on line 11.
 1 [internal function]: CodeIgniter\Debug\Exceptions->shutdownHandler()
ERROR - 2023-09-24 15:23:20 --> mysqli_sql_exception: Table 'crud.music_playlist' doesn't exist in C:\laragon\www\Lab2\system\Database\MySQLi\Connection.php:306
Stack trace:
#0 C:\laragon\www\Lab2\system\Database\MySQLi\Connection.php(306): mysqli->query('SELECT *\nFROM `...', 0)
#1 C:\laragon\www\Lab2\system\Database\BaseConnection.php(692): CodeIgniter\Database\MySQLi\Connection->execute('SELECT *\nFROM `...')
#2 C:\laragon\www\Lab2\system\Database\BaseConnection.php(606): CodeIgniter\Database\BaseConnection->simpleQuery('SELECT *\nFROM `...')
#3 C:\laragon\www\Lab2\system\Database\BaseBuilder.php(1615): CodeIgniter\Database\BaseConnection->query('SELECT *\nFROM `...', Array, false)
#4 C:\laragon\www\Lab2\system\Model.php(237): CodeIgniter\Database\BaseBuilder->get()
#5 C:\laragon\www\Lab2\system\BaseModel.php(624): CodeIgniter\Model->doFindAll(0, 0)
#6 C:\laragon\www\Lab2\app\Controllers\MainController.php(16): CodeIgniter\BaseModel->findAll()
#7 C:\laragon\www\Lab2\system\CodeIgniter.php(919): App\Controllers\MainController->index()
#8 C:\laragon\www\Lab2\system\CodeIgniter.php(494): CodeIgniter\CodeIgniter->runController(Object(App\Controllers\MainController))
#9 C:\laragon\www\Lab2\system\CodeIgniter.php(353): CodeIgniter\CodeIgniter->handleRequest(NULL, Object(Config\Cache), false)
#10 C:\laragon\www\Lab2\public\index.php(79): CodeIgniter\CodeIgniter->run()
#11 C:\laragon\www\Lab2\system\Commands\Server\rewrite.php(47): require_once('C:\\laragon\\www\\...')
#12 {main}
CRITICAL - 2023-09-24 15:23:20 --> Table 'crud.music_playlist' doesn't exist
in SYSTEMPATH\Database\BaseConnection.php on line 646.
 1 SYSTEMPATH\Database\BaseBuilder.php(1615): CodeIgniter\Database\BaseConnection->query('SELECT *
FROM `music_playlist`', [], false)
 2 SYSTEMPATH\Model.php(237): CodeIgniter\Database\BaseBuilder->get()
 3 SYSTEMPATH\BaseModel.php(624): CodeIgniter\Model->doFindAll(0, 0)
 4 APPPATH\Controllers\MainController.php(16): CodeIgniter\BaseModel->findAll()
 5 SYSTEMPATH\CodeIgniter.php(919): App\Controllers\MainController->index()
 6 SYSTEMPATH\CodeIgniter.php(494): CodeIgniter\CodeIgniter->runController(Object(App\Controllers\MainController))
 7 SYSTEMPATH\CodeIgniter.php(353): CodeIgniter\CodeIgniter->handleRequest(null, Object(Config\Cache), false)
 8 FCPATH\index.php(79): CodeIgniter\CodeIgniter->run()
 9 SYSTEMPATH\Commands\Server\rewrite.php(47): require_once('C:\\laragon\\www\\Lab2\\public\\index.php')
