CRITICAL - 2023-09-23 12:37:28 --> Undefined variable $music
in APPPATH\Views\music.php on line 95.
 1 APPPATH\Views\music.php(95): CodeIgniter\Debug\Exceptions->errorHandler(2, 'Undefined variable $music', 'C:\\laragon\\www\\WEBAPP\\lab#2\\app\\Views\\music.php', 95)
 2 SYSTEMPATH\View\View.php(226): include('C:\\laragon\\www\\WEBAPP\\lab#2\\app\\Views\\music.php')
 3 SYSTEMPATH\View\View.php(229): CodeIgniter\View\View->CodeIgniter\View\{closure}()
 4 SYSTEMPATH\Common.php(1188): CodeIgniter\View\View->render('music', [], true)
 5 APPPATH\Controllers\MainController.php(12): view('music')
 6 SYSTEMPATH\CodeIgniter.php(919): App\Controllers\MainController->index()
 7 SYSTEMPATH\CodeIgniter.php(494): CodeIgniter\CodeIgniter->runController(Object(App\Controllers\MainController))
 8 SYSTEMPATH\CodeIgniter.php(353): CodeIgniter\CodeIgniter->handleRequest(null, Object(Config\Cache), false)
 9 FCPATH\index.php(79): CodeIgniter\CodeIgniter->run()
10 SYSTEMPATH\Commands\Server\rewrite.php(47): require_once('C:\\laragon\\www\\WEBAPP\\lab#2\\public\\index.php')
CRITICAL - 2023-09-23 12:37:31 --> Undefined variable $music
in APPPATH\Views\music.php on line 95.
 1 APPPATH\Views\music.php(95): CodeIgniter\Debug\Exceptions->errorHandler(2, 'Undefined variable $music', 'C:\\laragon\\www\\WEBAPP\\lab#2\\app\\Views\\music.php', 95)
 2 SYSTEMPATH\View\View.php(226): include('C:\\laragon\\www\\WEBAPP\\lab#2\\app\\Views\\music.php')
 3 SYSTEMPATH\View\View.php(229): CodeIgniter\View\View->CodeIgniter\View\{closure}()
 4 SYSTEMPATH\Common.php(1188): CodeIgniter\View\View->render('music', [], true)
 5 APPPATH\Controllers\MainController.php(12): view('music')
 6 SYSTEMPATH\CodeIgniter.php(919): App\Controllers\MainController->index()
 7 SYSTEMPATH\CodeIgniter.php(494): CodeIgniter\CodeIgniter->runController(Object(App\Controllers\MainController))
 8 SYSTEMPATH\CodeIgniter.php(353): CodeIgniter\CodeIgniter->handleRequest(null, Object(Config\Cache), false)
 9 FCPATH\index.php(79): CodeIgniter\CodeIgniter->run()
10 SYSTEMPATH\Commands\Server\rewrite.php(47): require_once('C:\\laragon\\www\\WEBAPP\\lab#2\\public\\index.php')
CRITICAL - 2023-09-23 12:48:24 --> Constant expression contains invalid operations
in APPPATH\Models\MusicModel.php on line 16.
 1 [internal function]: CodeIgniter\Debug\Exceptions->shutdownHandler()
CRITICAL - 2023-09-23 12:48:55 --> Undefined variable $music
in APPPATH\Views\music.php on line 94.
 1 APPPATH\Views\music.php(94): CodeIgniter\Debug\Exceptions->errorHandler(2, 'Undefined variable $music', 'C:\\laragon\\www\\WEBAPP\\lab#2\\app\\Views\\music.php', 94)
 2 SYSTEMPATH\View\View.php(226): include('C:\\laragon\\www\\WEBAPP\\lab#2\\app\\Views\\music.php')
 3 SYSTEMPATH\View\View.php(229): CodeIgniter\View\View->CodeIgniter\View\{closure}()
 4 SYSTEMPATH\Common.php(1188): CodeIgniter\View\View->render('music', [], true)
 5 APPPATH\Controllers\MainController.php(15): view('music')
 6 SYSTEMPATH\CodeIgniter.php(919): App\Controllers\MainController->index()
 7 SYSTEMPATH\CodeIgniter.php(494): CodeIgniter\CodeIgniter->runController(Object(App\Controllers\MainController))
 8 SYSTEMPATH\CodeIgniter.php(353): CodeIgniter\CodeIgniter->handleRequest(null, Object(Config\Cache), false)
 9 FCPATH\index.php(79): CodeIgniter\CodeIgniter->run()
10 SYSTEMPATH\Commands\Server\rewrite.php(47): require_once('C:\\laragon\\www\\WEBAPP\\lab#2\\public\\index.php')
CRITICAL - 2023-09-23 12:49:21 --> Undefined variable $data
in APPPATH\Views\music.php on line 94.
 1 APPPATH\Views\music.php(94): CodeIgniter\Debug\Exceptions->errorHandler(2, 'Undefined variable $data', 'C:\\laragon\\www\\WEBAPP\\lab#2\\app\\Views\\music.php', 94)
 2 SYSTEMPATH\View\View.php(226): include('C:\\laragon\\www\\WEBAPP\\lab#2\\app\\Views\\music.php')
 3 SYSTEMPATH\View\View.php(229): CodeIgniter\View\View->CodeIgniter\View\{closure}()
 4 SYSTEMPATH\Common.php(1188): CodeIgniter\View\View->render('music', [], true)
 5 APPPATH\Controllers\MainController.php(15): view('music')
 6 SYSTEMPATH\CodeIgniter.php(919): App\Controllers\MainController->index()
 7 SYSTEMPATH\CodeIgniter.php(494): CodeIgniter\CodeIgniter->runController(Object(App\Controllers\MainController))
 8 SYSTEMPATH\CodeIgniter.php(353): CodeIgniter\CodeIgniter->handleRequest(null, Object(Config\Cache), false)
 9 FCPATH\index.php(79): CodeIgniter\CodeIgniter->run()
10 SYSTEMPATH\Commands\Server\rewrite.php(47): require_once('C:\\laragon\\www\\WEBAPP\\lab#2\\public\\index.php')
CRITICAL - 2023-09-23 12:49:22 --> Undefined variable $data
in APPPATH\Views\music.php on line 94.
 1 APPPATH\Views\music.php(94): CodeIgniter\Debug\Exceptions->errorHandler(2, 'Undefined variable $data', 'C:\\laragon\\www\\WEBAPP\\lab#2\\app\\Views\\music.php', 94)
 2 SYSTEMPATH\View\View.php(226): include('C:\\laragon\\www\\WEBAPP\\lab#2\\app\\Views\\music.php')
 3 SYSTEMPATH\View\View.php(229): CodeIgniter\View\View->CodeIgniter\View\{closure}()
 4 SYSTEMPATH\Common.php(1188): CodeIgniter\View\View->render('music', [], true)
 5 APPPATH\Controllers\MainController.php(15): view('music')
 6 SYSTEMPATH\CodeIgniter.php(919): App\Controllers\MainController->index()
 7 SYSTEMPATH\CodeIgniter.php(494): CodeIgniter\CodeIgniter->runController(Object(App\Controllers\MainController))
 8 SYSTEMPATH\CodeIgniter.php(353): CodeIgniter\CodeIgniter->handleRequest(null, Object(Config\Cache), false)
 9 FCPATH\index.php(79): CodeIgniter\CodeIgniter->run()
10 SYSTEMPATH\Commands\Server\rewrite.php(47): require_once('C:\\laragon\\www\\WEBAPP\\lab#2\\public\\index.php')
CRITICAL - 2023-09-23 12:53:10 --> Undefined array key "title"
in APPPATH\Views\music.php on line 95.
 1 APPPATH\Views\music.php(95): CodeIgniter\Debug\Exceptions->errorHandler(2, 'Undefined array key "title"', 'C:\\laragon\\www\\WEBAPP\\lab#2\\app\\Views\\music.php', 95)
 2 SYSTEMPATH\View\View.php(226): include('C:\\laragon\\www\\WEBAPP\\lab#2\\app\\Views\\music.php')
 3 SYSTEMPATH\View\View.php(229): CodeIgniter\View\View->CodeIgniter\View\{closure}()
 4 SYSTEMPATH\Common.php(1188): CodeIgniter\View\View->render('music', [], true)
 5 APPPATH\Controllers\MainController.php(15): view('music', [...])
 6 SYSTEMPATH\CodeIgniter.php(919): App\Controllers\MainController->index()
 7 SYSTEMPATH\CodeIgniter.php(494): CodeIgniter\CodeIgniter->runController(Object(App\Controllers\MainController))
 8 SYSTEMPATH\CodeIgniter.php(353): CodeIgniter\CodeIgniter->handleRequest(null, Object(Config\Cache), false)
 9 FCPATH\index.php(79): CodeIgniter\CodeIgniter->run()
10 SYSTEMPATH\Commands\Server\rewrite.php(47): require_once('C:\\laragon\\www\\WEBAPP\\lab#2\\public\\index.php')
CRITICAL - 2023-09-23 14:13:32 --> Undefined variable $mus
in APPPATH\Views\music.php on line 39.
 1 APPPATH\Views\music.php(39): CodeIgniter\Debug\Exceptions->errorHandler(2, 'Undefined variable $mus', 'C:\\laragon\\www\\WEBAPP\\lab#2\\app\\Views\\music.php', 39)
 2 SYSTEMPATH\View\View.php(226): include('C:\\laragon\\www\\WEBAPP\\lab#2\\app\\Views\\music.php')
 3 SYSTEMPATH\View\View.php(229): CodeIgniter\View\View->CodeIgniter\View\{closure}()
 4 SYSTEMPATH\Common.php(1188): CodeIgniter\View\View->render('music', [], true)
 5 APPPATH\Controllers\MainController.php(20): view('music')
 6 SYSTEMPATH\CodeIgniter.php(919): App\Controllers\MainController->searchsong()
 7 SYSTEMPATH\CodeIgniter.php(494): CodeIgniter\CodeIgniter->runController(Object(App\Controllers\MainController))
 8 SYSTEMPATH\CodeIgniter.php(353): CodeIgniter\CodeIgniter->handleRequest(null, Object(Config\Cache), false)
 9 FCPATH\index.php(79): CodeIgniter\CodeIgniter->run()
10 SYSTEMPATH\Commands\Server\rewrite.php(47): require_once('C:\\laragon\\www\\WEBAPP\\lab#2\\public\\index.php')
CRITICAL - 2023-09-23 14:14:02 --> Cannot access offset of type string on string
in APPPATH\Views\music.php on line 58.
 1 SYSTEMPATH\View\View.php(226): include()
 2 SYSTEMPATH\View\View.php(229): CodeIgniter\View\View->CodeIgniter\View\{closure}()
 3 SYSTEMPATH\Common.php(1188): CodeIgniter\View\View->render('music', [], true)
 4 APPPATH\Controllers\MainController.php(26): view('music', [...])
 5 SYSTEMPATH\CodeIgniter.php(919): App\Controllers\MainController->searchsong()
 6 SYSTEMPATH\CodeIgniter.php(494): CodeIgniter\CodeIgniter->runController(Object(App\Controllers\MainController))
 7 SYSTEMPATH\CodeIgniter.php(353): CodeIgniter\CodeIgniter->handleRequest(null, Object(Config\Cache), false)
 8 FCPATH\index.php(79): CodeIgniter\CodeIgniter->run()
 9 SYSTEMPATH\Commands\Server\rewrite.php(47): require_once('C:\\laragon\\www\\WEBAPP\\lab#2\\public\\index.php')
ERROR - 2023-09-23 14:30:42 --> mysqli_sql_exception: Table 'crud.music' doesn't exist in C:\laragon\www\WEBAPP\lab#2\system\Database\MySQLi\Connection.php:306
Stack trace:
#0 C:\laragon\www\WEBAPP\lab#2\system\Database\MySQLi\Connection.php(306): mysqli->query('SELECT * FROM m...', 0)
#1 C:\laragon\www\WEBAPP\lab#2\system\Database\BaseConnection.php(692): CodeIgniter\Database\MySQLi\Connection->execute('SELECT * FROM m...')
#2 C:\laragon\www\WEBAPP\lab#2\system\Database\BaseConnection.php(606): CodeIgniter\Database\BaseConnection->simpleQuery('SELECT * FROM m...')
#3 C:\laragon\www\WEBAPP\lab#2\system\Model.php(867): CodeIgniter\Database\BaseConnection->query('SELECT * FROM m...')
#4 C:\laragon\www\WEBAPP\lab#2\app\Controllers\MainController.php(42): CodeIgniter\Model->__call('query', Array)
#5 C:\laragon\www\WEBAPP\lab#2\system\CodeIgniter.php(919): App\Controllers\MainController->searchsong()
#6 C:\laragon\www\WEBAPP\lab#2\system\CodeIgniter.php(494): CodeIgniter\CodeIgniter->runController(Object(App\Controllers\MainController))
#7 C:\laragon\www\WEBAPP\lab#2\system\CodeIgniter.php(353): CodeIgniter\CodeIgniter->handleRequest(NULL, Object(Config\Cache), false)
#8 C:\laragon\www\WEBAPP\lab#2\public\index.php(79): CodeIgniter\CodeIgniter->run()
#9 C:\laragon\www\WEBAPP\lab#2\system\Commands\Server\rewrite.php(47): require_once('C:\\laragon\\www\\...')
#10 {main}
CRITICAL - 2023-09-23 14:30:42 --> Table 'crud.music' doesn't exist
in SYSTEMPATH\Database\BaseConnection.php on line 646.
 1 SYSTEMPATH\Model.php(867): CodeIgniter\Database\BaseConnection->query('SELECT * FROM music WHERE musicname LIKE \'%w%\'')
 2 APPPATH\Controllers\MainController.php(42): CodeIgniter\Model->__call('query', [...])
 3 SYSTEMPATH\CodeIgniter.php(919): App\Controllers\MainController->searchsong()
 4 SYSTEMPATH\CodeIgniter.php(494): CodeIgniter\CodeIgniter->runController(Object(App\Controllers\MainController))
 5 SYSTEMPATH\CodeIgniter.php(353): CodeIgniter\CodeIgniter->handleRequest(null, Object(Config\Cache), false)
 6 FCPATH\index.php(79): CodeIgniter\CodeIgniter->run()
 7 SYSTEMPATH\Commands\Server\rewrite.php(47): require_once('C:\\laragon\\www\\WEBAPP\\lab#2\\public\\index.php')
CRITICAL - 2023-09-23 14:30:55 --> Undefined variable $mus
in APPPATH\Views\music.php on line 44.
 1 APPPATH\Views\music.php(44): CodeIgniter\Debug\Exceptions->errorHandler(2, 'Undefined variable $mus', 'C:\\laragon\\www\\WEBAPP\\lab#2\\app\\Views\\music.php', 44)
 2 SYSTEMPATH\View\View.php(226): include('C:\\laragon\\www\\WEBAPP\\lab#2\\app\\Views\\music.php')
 3 SYSTEMPATH\View\View.php(229): CodeIgniter\View\View->CodeIgniter\View\{closure}()
 4 SYSTEMPATH\Common.php(1188): CodeIgniter\View\View->render('music', [], true)
 5 APPPATH\Controllers\MainController.php(30): view('music')
 6 SYSTEMPATH\CodeIgniter.php(919): App\Controllers\MainController->addtoplaylist()
 7 SYSTEMPATH\CodeIgniter.php(494): CodeIgniter\CodeIgniter->runController(Object(App\Controllers\MainController))
 8 SYSTEMPATH\CodeIgniter.php(353): CodeIgniter\CodeIgniter->handleRequest(null, Object(Config\Cache), false)
 9 FCPATH\index.php(79): CodeIgniter\CodeIgniter->run()
10 SYSTEMPATH\Commands\Server\rewrite.php(47): require_once('C:\\laragon\\www\\WEBAPP\\lab#2\\public\\index.php')
